# JRE version: OpenJDK Runtime Environment (8.0_111-b14) (build 1.8.0_111-8u111-b14-3~14.04.1-b14)
# Java VM: OpenJDK 64-Bit Server VM (25.111-b14 mixed mode linux-amd64 compressed oops)
Heap:
 def new generation   total 9408K, used 0K [0x00000000f8200000, 0x00000000f8c30000, 0x00000000fac00000)
  eden space 8384K,   0% used [0x00000000f8200000, 0x00000000f8200000, 0x00000000f8a30000)
  from space 1024K,   0% used [0x00000000f8b30000, 0x00000000f8b30000, 0x00000000f8c30000)
  to   space 1024K,   0% used [0x00000000f8a30000, 0x00000000f8a30000, 0x00000000f8b30000)
 tenured generation   total 20928K, used 19968K [0x00000000fac00000, 0x00000000fc070000, 0x0000000100000000)
   the space 20928K,  95% used [0x00000000fac00000, 0x00000000fbf801b0, 0x00000000fbf80200, 0x00000000fc070000)
 Metaspace       used 30186K, capacity 30602K, committed 30720K, reserved 1077248K
  class space    used 2852K, capacity 2979K, committed 3072K, reserved 1048576K
GC Heap History (10 events):
Event: 78.252 GC heap after
Heap after GC invocations=9804 (full 6):
 def new generation   total 9408K, used 468K [0x00000000f8200000, 0x00000000f8c30000, 0x00000000fac00000)
  eden space 8384K,   0% used [0x00000000f8200000, 0x00000000f8200000, 0x00000000f8a30000)
  from space 1024K,  45% used [0x00000000f8a30000, 0x00000000f8aa5140, 0x00000000f8b30000)
  to   space 1024K,   0% used [0x00000000f8b30000, 0x00000000f8b30000, 0x00000000f8c30000)
 tenured generation   total 20736K, used 19139K [0x00000000fac00000, 0x00000000fc040000, 0x0000000100000000)
   the space 20736K,  92% used [0x00000000fac00000, 0x00000000fbeb0f58, 0x00000000fbeb1000, 0x00000000fc040000)
 Metaspace       used 29720K, capacity 30112K, committed 30464K, reserved 1077248K
  class space    used 2825K, capacity 2968K, committed 3072K, reserved 1048576K
}
Event: 80.307 GC heap before
{Heap before GC invocations=9804 (full 6):
 def new generation   total 9408K, used 8852K [0x00000000f8200000, 0x00000000f8c30000, 0x00000000fac00000)
  eden space 8384K, 100% used [0x00000000f8200000, 0x00000000f8a30000, 0x00000000f8a30000)
  from space 1024K,  45% used [0x00000000f8a30000, 0x00000000f8aa5140, 0x00000000f8b30000)
  to   space 1024K,   0% used [0x00000000f8b30000, 0x00000000f8b30000, 0x00000000f8c30000)
 tenured generation   total 20736K, used 19139K [0x00000000fac00000, 0x00000000fc040000, 0x0000000100000000)
   the space 20736K,  92% used [0x00000000fac00000, 0x00000000fbeb0f58, 0x00000000fbeb1000, 0x00000000fc040000)
 Metaspace       used 29727K, capacity 30112K, committed 30464K, reserved 1077248K
  class space    used 2825K, capacity 2968K, committed 3072K, reserved 1048576K
Event: 80.323 GC heap after
Heap after GC invocations=9805 (full 6):
 def new generation   total 9408K, used 983K [0x00000000f8200000, 0x00000000f8c30000, 0x00000000fac00000)
  eden space 8384K,   0% used [0x00000000f8200000, 0x00000000f8200000, 0x00000000f8a30000)
  from space 1024K,  96% used [0x00000000f8b30000, 0x00000000f8c25e50, 0x00000000f8c30000)
  to   space 1024K,   0% used [0x00000000f8a30000, 0x00000000f8a30000, 0x00000000f8b30000)
 tenured generation   total 20736K, used 19139K [0x00000000fac00000, 0x00000000fc040000, 0x0000000100000000)
   the space 20736K,  92% used [0x00000000fac00000, 0x00000000fbeb0f58, 0x00000000fbeb1000, 0x00000000fc040000)
 Metaspace       used 29727K, capacity 30112K, committed 30464K, reserved 1077248K
  class space    used 2825K, capacity 2968K, committed 3072K, reserved 1048576K
}
Event: 83.209 GC heap before
{Heap before GC invocations=9805 (full 6):
 def new generation   total 9408K, used 9367K [0x00000000f8200000, 0x00000000f8c30000, 0x00000000fac00000)
  eden space 8384K, 100% used [0x00000000f8200000, 0x00000000f8a30000, 0x00000000f8a30000)
  from space 1024K,  96% used [0x00000000f8b30000, 0x00000000f8c25e50, 0x00000000f8c30000)
  to   space 1024K,   0% used [0x00000000f8a30000, 0x00000000f8a30000, 0x00000000f8b30000)
 tenured generation   total 20736K, used 19139K [0x00000000fac00000, 0x00000000fc040000, 0x0000000100000000)
   the space 20736K,  92% used [0x00000000fac00000, 0x00000000fbeb0f58, 0x00000000fbeb1000, 0x00000000fc040000)
 Metaspace       used 29838K, capacity 30310K, committed 30464K, reserved 1077248K
  class space    used 2825K, capacity 2969K, committed 3072K, reserved 1048576K
Event: 83.222 GC heap after
Heap after GC invocations=9806 (full 6):
 def new generation   total 9408K, used 940K [0x00000000f8200000, 0x00000000f8c30000, 0x00000000fac00000)
  eden space 8384K,   0% used [0x00000000f8200000, 0x00000000f8200000, 0x00000000f8a30000)
  from space 1024K,  91% used [0x00000000f8a30000, 0x00000000f8b1b0d8, 0x00000000f8b30000)
  to   space 1024K,   0% used [0x00000000f8b30000, 0x00000000f8b30000, 0x00000000f8c30000)
 tenured generation   total 20736K, used 19734K [0x00000000fac00000, 0x00000000fc040000, 0x0000000100000000)
   the space 20736K,  95% used [0x00000000fac00000, 0x00000000fbf45a18, 0x00000000fbf45c00, 0x00000000fc040000)
 Metaspace       used 29838K, capacity 30310K, committed 30464K, reserved 1077248K
  class space    used 2825K, capacity 2969K, committed 3072K, reserved 1048576K
}
Event: 84.863 GC heap before
{Heap before GC invocations=9806 (full 6):
 def new generation   total 9408K, used 9324K [0x00000000f8200000, 0x00000000f8c30000, 0x00000000fac00000)
  eden space 8384K, 100% used [0x00000000f8200000, 0x00000000f8a30000, 0x00000000f8a30000)
  from space 1024K,  91% used [0x00000000f8a30000, 0x00000000f8b1b0d8, 0x00000000f8b30000)
  to   space 1024K,   0% used [0x00000000f8b30000, 0x00000000f8b30000, 0x00000000f8c30000)
 tenured generation   total 20736K, used 19734K [0x00000000fac00000, 0x00000000fc040000, 0x0000000100000000)
   the space 20736K,  95% used [0x00000000fac00000, 0x00000000fbf45a18, 0x00000000fbf45c00, 0x00000000fc040000)
 Metaspace       used 29884K, capacity 30316K, committed 30464K, reserved 1077248K
  class space    used 2828K, capacity 2970K, committed 3072K, reserved 1048576K
Event: 84.871 GC heap after
Heap after GC invocations=9807 (full 6):
 def new generation   total 9408K, used 574K [0x00000000f8200000, 0x00000000f8c30000, 0x00000000fac00000)
  eden space 8384K,   0% used [0x00000000f8200000, 0x00000000f8200000, 0x00000000f8a30000)
  from space 1024K,  56% used [0x00000000f8b30000, 0x00000000f8bbf968, 0x00000000f8c30000)
  to   space 1024K,   0% used [0x00000000f8a30000, 0x00000000f8a30000, 0x00000000f8b30000)
 tenured generation   total 20736K, used 20192K [0x00000000fac00000, 0x00000000fc040000, 0x0000000100000000)
   the space 20736K,  97% used [0x00000000fac00000, 0x00000000fbfb82a8, 0x00000000fbfb8400, 0x00000000fc040000)
 Metaspace       used 29884K, capacity 30316K, committed 30464K, reserved 1077248K
  class space    used 2828K, capacity 2970K, committed 3072K, reserved 1048576K
}
Event: 86.738 GC heap before
{Heap before GC invocations=9807 (full 6):
 def new generation   total 9408K, used 8958K [0x00000000f8200000, 0x00000000f8c30000, 0x00000000fac00000)
  eden space 8384K, 100% used [0x00000000f8200000, 0x00000000f8a30000, 0x00000000f8a30000)
  from space 1024K,  56% used [0x00000000f8b30000, 0x00000000f8bbf968, 0x00000000f8c30000)
  to   space 1024K,   0% used [0x00000000f8a30000, 0x00000000f8a30000, 0x00000000f8b30000)
 tenured generation   total 20736K, used 20192K [0x00000000fac00000, 0x00000000fc040000, 0x0000000100000000)
   the space 20736K,  97% used [0x00000000fac00000, 0x00000000fbfb82a8, 0x00000000fbfb8400, 0x00000000fc040000)
 Metaspace       used 29999K, capacity 30456K, committed 30720K, reserved 1077248K
  class space    used 2834K, capacity 2972K, committed 3072K, reserved 1048576K
Event: 86.760 GC heap after
Heap after GC invocations=9808 (full 6):
 def new generation   total 9408K, used 516K [0x00000000f8200000, 0x00000000f8c30000, 0x00000000fac00000)
  eden space 8384K,   0% used [0x00000000f8200000, 0x00000000f8200000, 0x00000000f8a30000)
  from space 1024K,  50% used [0x00000000f8a30000, 0x00000000f8ab1380, 0x00000000f8b30000)
  to   space 1024K,   0% used [0x00000000f8b30000, 0x00000000f8b30000, 0x00000000f8c30000)
 tenured generation   total 20736K, used 20505K [0x00000000fac00000, 0x00000000fc040000, 0x0000000100000000)
   the space 20736K,  98% used [0x00000000fac00000, 0x00000000fc0067b0, 0x00000000fc006800, 0x00000000fc040000)
 Metaspace       used 29999K, capacity 30456K, committed 30720K, reserved 1077248K
  class space    used 2834K, capacity 2972K, committed 3072K, reserved 1048576K
}
Event: 93.046 GC heap before
{Heap before GC invocations=9808 (full 6):
 def new generation   total 9408K, used 8900K [0x00000000f8200000, 0x00000000f8c30000, 0x00000000fac00000)
  eden space 8384K, 100% used [0x00000000f8200000, 0x00000000f8a30000, 0x00000000f8a30000)
  from space 1024K,  50% used [0x00000000f8a30000, 0x00000000f8ab1380, 0x00000000f8b30000)
  to   space 1024K,   0% used [0x00000000f8b30000, 0x00000000f8b30000, 0x00000000f8c30000)
 tenured generation   total 20736K, used 20505K [0x00000000fac00000, 0x00000000fc040000, 0x0000000100000000)
   the space 20736K,  98% used [0x00000000fac00000, 0x00000000fc0067b0, 0x00000000fc006800, 0x00000000fc040000)
 Metaspace       used 30186K, capacity 30602K, committed 30720K, reserved 1077248K
  class space    used 2852K, capacity 2979K, committed 3072K, reserved 1048576K

