# JRE version: OpenJDK Runtime Environment (8.0_111-b14) (build 1.8.0_111-8u111-b14-3~14.04.1-b14)
# Java VM: OpenJDK 64-Bit Server VM (25.111-b14 mixed mode linux-amd64 compressed oops)
Heap:
 def new generation   total 11968K, used 0K [0x00000000f8200000, 0x00000000f8ef0000, 0x00000000fac00000)
  eden space 10688K,   0% used [0x00000000f8200000, 0x00000000f8200000, 0x00000000f8c70000)
  from space 1280K,   0% used [0x00000000f8db0000, 0x00000000f8db0000, 0x00000000f8ef0000)
  to   space 1280K,   0% used [0x00000000f8c70000, 0x00000000f8c70000, 0x00000000f8db0000)
 tenured generation   total 26756K, used 25411K [0x00000000fac00000, 0x00000000fc621000, 0x0000000100000000)
   the space 26756K,  94% used [0x00000000fac00000, 0x00000000fc4d0ef0, 0x00000000fc4d1000, 0x00000000fc621000)
 Metaspace       used 30476K, capacity 30970K, committed 31232K, reserved 1077248K
  class space    used 2842K, capacity 2987K, committed 3072K, reserved 1048576K
GC Heap History (10 events):
Event: 60.016 GC heap after
Heap after GC invocations=9808 (full 6):
 def new generation   total 11968K, used 832K [0x00000000f8200000, 0x00000000f8ef0000, 0x00000000fac00000)
  eden space 10688K,   0% used [0x00000000f8200000, 0x00000000f8200000, 0x00000000f8c70000)
  from space 1280K,  65% used [0x00000000f8c70000, 0x00000000f8d400c0, 0x00000000f8db0000)
  to   space 1280K,   0% used [0x00000000f8db0000, 0x00000000f8db0000, 0x00000000f8ef0000)
 tenured generation   total 26372K, used 23631K [0x00000000fac00000, 0x00000000fc5c1000, 0x0000000100000000)
   the space 26372K,  89% used [0x00000000fac00000, 0x00000000fc313d78, 0x00000000fc313e00, 0x00000000fc5c1000)
 Metaspace       used 30229K, capacity 30664K, committed 30976K, reserved 1077248K
  class space    used 2837K, capacity 2952K, committed 3072K, reserved 1048576K
}
Event: 62.754 GC heap before
{Heap before GC invocations=9808 (full 6):
 def new generation   total 11968K, used 11520K [0x00000000f8200000, 0x00000000f8ef0000, 0x00000000fac00000)
  eden space 10688K, 100% used [0x00000000f8200000, 0x00000000f8c70000, 0x00000000f8c70000)
  from space 1280K,  65% used [0x00000000f8c70000, 0x00000000f8d400c0, 0x00000000f8db0000)
  to   space 1280K,   0% used [0x00000000f8db0000, 0x00000000f8db0000, 0x00000000f8ef0000)
 tenured generation   total 26372K, used 23631K [0x00000000fac00000, 0x00000000fc5c1000, 0x0000000100000000)
   the space 26372K,  89% used [0x00000000fac00000, 0x00000000fc313d78, 0x00000000fc313e00, 0x00000000fc5c1000)
 Metaspace       used 30236K, capacity 30664K, committed 30976K, reserved 1077248K
  class space    used 2837K, capacity 2952K, committed 3072K, reserved 1048576K
Event: 62.770 GC heap after
Heap after GC invocations=9809 (full 6):
 def new generation   total 11968K, used 914K [0x00000000f8200000, 0x00000000f8ef0000, 0x00000000fac00000)
  eden space 10688K,   0% used [0x00000000f8200000, 0x00000000f8200000, 0x00000000f8c70000)
  from space 1280K,  71% used [0x00000000f8db0000, 0x00000000f8e94aa8, 0x00000000f8ef0000)
  to   space 1280K,   0% used [0x00000000f8c70000, 0x00000000f8c70000, 0x00000000f8db0000)
 tenured generation   total 26372K, used 24145K [0x00000000fac00000, 0x00000000fc5c1000, 0x0000000100000000)
   the space 26372K,  91% used [0x00000000fac00000, 0x00000000fc394490, 0x00000000fc394600, 0x00000000fc5c1000)
 Metaspace       used 30236K, capacity 30664K, committed 30976K, reserved 1077248K
  class space    used 2837K, capacity 2952K, committed 3072K, reserved 1048576K
}
Event: 66.483 GC heap before
{Heap before GC invocations=9809 (full 6):
 def new generation   total 11968K, used 11602K [0x00000000f8200000, 0x00000000f8ef0000, 0x00000000fac00000)
  eden space 10688K, 100% used [0x00000000f8200000, 0x00000000f8c70000, 0x00000000f8c70000)
  from space 1280K,  71% used [0x00000000f8db0000, 0x00000000f8e94aa8, 0x00000000f8ef0000)
  to   space 1280K,   0% used [0x00000000f8c70000, 0x00000000f8c70000, 0x00000000f8db0000)
 tenured generation   total 26372K, used 24145K [0x00000000fac00000, 0x00000000fc5c1000, 0x0000000100000000)
   the space 26372K,  91% used [0x00000000fac00000, 0x00000000fc394490, 0x00000000fc394600, 0x00000000fc5c1000)
 Metaspace       used 30368K, capacity 30804K, committed 30976K, reserved 1077248K
  class space    used 2839K, capacity 2954K, committed 3072K, reserved 1048576K
Event: 66.491 GC heap after
Heap after GC invocations=9810 (full 6):
 def new generation   total 11968K, used 1185K [0x00000000f8200000, 0x00000000f8ef0000, 0x00000000fac00000)
  eden space 10688K,   0% used [0x00000000f8200000, 0x00000000f8200000, 0x00000000f8c70000)
  from space 1280K,  92% used [0x00000000f8c70000, 0x00000000f8d98778, 0x00000000f8db0000)
  to   space 1280K,   0% used [0x00000000f8db0000, 0x00000000f8db0000, 0x00000000f8ef0000)
 tenured generation   total 26372K, used 24724K [0x00000000fac00000, 0x00000000fc5c1000, 0x0000000100000000)
   the space 26372K,  93% used [0x00000000fac00000, 0x00000000fc4251a0, 0x00000000fc425200, 0x00000000fc5c1000)
 Metaspace       used 30368K, capacity 30804K, committed 30976K, reserved 1077248K
  class space    used 2839K, capacity 2954K, committed 3072K, reserved 1048576K
}
Event: 66.725 GC heap before
{Heap before GC invocations=9810 (full 6):
 def new generation   total 11968K, used 11873K [0x00000000f8200000, 0x00000000f8ef0000, 0x00000000fac00000)
  eden space 10688K, 100% used [0x00000000f8200000, 0x00000000f8c70000, 0x00000000f8c70000)
  from space 1280K,  92% used [0x00000000f8c70000, 0x00000000f8d98778, 0x00000000f8db0000)
  to   space 1280K,   0% used [0x00000000f8db0000, 0x00000000f8db0000, 0x00000000f8ef0000)
 tenured generation   total 26372K, used 24724K [0x00000000fac00000, 0x00000000fc5c1000, 0x0000000100000000)
   the space 26372K,  93% used [0x00000000fac00000, 0x00000000fc4251a0, 0x00000000fc425200, 0x00000000fc5c1000)
 Metaspace       used 30419K, capacity 30874K, committed 31232K, reserved 1077248K
  class space    used 2841K, capacity 2955K, committed 3072K, reserved 1048576K
Event: 66.734 GC heap after
Heap after GC invocations=9811 (full 6):
 def new generation   total 11968K, used 1138K [0x00000000f8200000, 0x00000000f8ef0000, 0x00000000fac00000)
  eden space 10688K,   0% used [0x00000000f8200000, 0x00000000f8200000, 0x00000000f8c70000)
  from space 1280K,  88% used [0x00000000f8db0000, 0x00000000f8ecca80, 0x00000000f8ef0000)
  to   space 1280K,   0% used [0x00000000f8c70000, 0x00000000f8c70000, 0x00000000f8db0000)
 tenured generation   total 26372K, used 25465K [0x00000000fac00000, 0x00000000fc5c1000, 0x0000000100000000)
   the space 26372K,  96% used [0x00000000fac00000, 0x00000000fc4de6d0, 0x00000000fc4de800, 0x00000000fc5c1000)
 Metaspace       used 30419K, capacity 30874K, committed 31232K, reserved 1077248K
  class space    used 2841K, capacity 2955K, committed 3072K, reserved 1048576K
}
Event: 66.981 GC heap before
{Heap before GC invocations=9811 (full 6):
 def new generation   total 11968K, used 11826K [0x00000000f8200000, 0x00000000f8ef0000, 0x00000000fac00000)
  eden space 10688K, 100% used [0x00000000f8200000, 0x00000000f8c70000, 0x00000000f8c70000)
  from space 1280K,  88% used [0x00000000f8db0000, 0x00000000f8ecca80, 0x00000000f8ef0000)
  to   space 1280K,   0% used [0x00000000f8c70000, 0x00000000f8c70000, 0x00000000f8db0000)
 tenured generation   total 26372K, used 25465K [0x00000000fac00000, 0x00000000fc5c1000, 0x0000000100000000)
   the space 26372K,  96% used [0x00000000fac00000, 0x00000000fc4de6d0, 0x00000000fc4de800, 0x00000000fc5c1000)
 Metaspace       used 30471K, capacity 30970K, committed 31232K, reserved 1077248K
  class space    used 2842K, capacity 2987K, committed 3072K, reserved 1048576K
Event: 66.990 GC heap after
Heap after GC invocations=9812 (full 6):
 def new generation   total 11968K, used 1005K [0x00000000f8200000, 0x00000000f8ef0000, 0x00000000fac00000)
  eden space 10688K,   0% used [0x00000000f8200000, 0x00000000f8200000, 0x00000000f8c70000)
  from space 1280K,  78% used [0x00000000f8c70000, 0x00000000f8d6b570, 0x00000000f8db0000)
  to   space 1280K,   0% used [0x00000000f8db0000, 0x00000000f8db0000, 0x00000000f8ef0000)
 tenured generation   total 26372K, used 26114K [0x00000000fac00000, 0x00000000fc5c1000, 0x0000000100000000)
   the space 26372K,  99% used [0x00000000fac00000, 0x00000000fc5809d0, 0x00000000fc580a00, 0x00000000fc5c1000)
 Metaspace       used 30471K, capacity 30970K, committed 31232K, reserved 1077248K
  class space    used 2842K, capacity 2987K, committed 3072K, reserved 1048576K
}
Event: 67.435 GC heap before
{Heap before GC invocations=9812 (full 6):
 def new generation   total 11968K, used 11693K [0x00000000f8200000, 0x00000000f8ef0000, 0x00000000fac00000)
  eden space 10688K, 100% used [0x00000000f8200000, 0x00000000f8c70000, 0x00000000f8c70000)
  from space 1280K,  78% used [0x00000000f8c70000, 0x00000000f8d6b570, 0x00000000f8db0000)
  to   space 1280K,   0% used [0x00000000f8db0000, 0x00000000f8db0000, 0x00000000f8ef0000)
 tenured generation   total 26372K, used 26114K [0x00000000fac00000, 0x00000000fc5c1000, 0x0000000100000000)
   the space 26372K,  99% used [0x00000000fac00000, 0x00000000fc5809d0, 0x00000000fc580a00, 0x00000000fc5c1000)
 Metaspace       used 30476K, capacity 30970K, committed 31232K, reserved 1077248K
  class space    used 2842K, capacity 2987K, committed 3072K, reserved 1048576K

