# JRE version: OpenJDK Runtime Environment (8.0_111-b14) (build 1.8.0_111-8u111-b14-3~14.04.1-b14)
# Java VM: OpenJDK 64-Bit Server VM (25.111-b14 mixed mode linux-amd64 compressed oops)
Heap:
 def new generation   total 13824K, used 0K [0x00000000f8200000, 0x00000000f90f0000, 0x00000000fac00000)
  eden space 12352K,   0% used [0x00000000f8200000, 0x00000000f8200000, 0x00000000f8e10000)
  from space 1472K,   0% used [0x00000000f8f80000, 0x00000000f8f80000, 0x00000000f90f0000)
  to   space 1472K,   0% used [0x00000000f8e10000, 0x00000000f8e10000, 0x00000000f8f80000)
 tenured generation   total 30660K, used 26797K [0x00000000fac00000, 0x00000000fc9f1000, 0x0000000100000000)
   the space 30660K,  87% used [0x00000000fac00000, 0x00000000fc62b540, 0x00000000fc62b600, 0x00000000fc9f1000)
 Metaspace       used 31284K, capacity 31776K, committed 32000K, reserved 1079296K
  class space    used 2900K, capacity 3048K, committed 3072K, reserved 1048576K
GC Heap History (10 events):
Event: 63.032 GC heap after
Heap after GC invocations=9535 (full 7):
 def new generation   total 13824K, used 1088K [0x00000000f8200000, 0x00000000f90f0000, 0x00000000fac00000)
  eden space 12352K,   0% used [0x00000000f8200000, 0x00000000f8200000, 0x00000000f8e10000)
  from space 1472K,  73% used [0x00000000f8e10000, 0x00000000f8f203f8, 0x00000000f8f80000)
  to   space 1472K,   0% used [0x00000000f8f80000, 0x00000000f8f80000, 0x00000000f90f0000)
 tenured generation   total 30468K, used 29112K [0x00000000fac00000, 0x00000000fc9c1000, 0x0000000100000000)
   the space 30468K,  95% used [0x00000000fac00000, 0x00000000fc86e380, 0x00000000fc86e400, 0x00000000fc9c1000)
 Metaspace       used 31039K, capacity 31504K, committed 31744K, reserved 1077248K
  class space    used 2880K, capacity 3028K, committed 3072K, reserved 1048576K
}
Event: 63.400 GC heap before
{Heap before GC invocations=9535 (full 7):
 def new generation   total 13824K, used 13440K [0x00000000f8200000, 0x00000000f90f0000, 0x00000000fac00000)
  eden space 12352K, 100% used [0x00000000f8200000, 0x00000000f8e10000, 0x00000000f8e10000)
  from space 1472K,  73% used [0x00000000f8e10000, 0x00000000f8f203f8, 0x00000000f8f80000)
  to   space 1472K,   0% used [0x00000000f8f80000, 0x00000000f8f80000, 0x00000000f90f0000)
 tenured generation   total 30468K, used 29112K [0x00000000fac00000, 0x00000000fc9c1000, 0x0000000100000000)
   the space 30468K,  95% used [0x00000000fac00000, 0x00000000fc86e380, 0x00000000fc86e400, 0x00000000fc9c1000)
 Metaspace       used 31124K, capacity 31646K, committed 31744K, reserved 1077248K
  class space    used 2886K, capacity 3031K, committed 3072K, reserved 1048576K
Event: 63.407 GC heap after
Heap after GC invocations=9536 (full 7):
 def new generation   total 13824K, used 885K [0x00000000f8200000, 0x00000000f90f0000, 0x00000000fac00000)
  eden space 12352K,   0% used [0x00000000f8200000, 0x00000000f8200000, 0x00000000f8e10000)
  from space 1472K,  60% used [0x00000000f8f80000, 0x00000000f905d490, 0x00000000f90f0000)
  to   space 1472K,   0% used [0x00000000f8e10000, 0x00000000f8e10000, 0x00000000f8f80000)
 tenured generation   total 30468K, used 29569K [0x00000000fac00000, 0x00000000fc9c1000, 0x0000000100000000)
   the space 30468K,  97% used [0x00000000fac00000, 0x00000000fc8e0498, 0x00000000fc8e0600, 0x00000000fc9c1000)
 Metaspace       used 31124K, capacity 31646K, committed 31744K, reserved 1077248K
  class space    used 2886K, capacity 3031K, committed 3072K, reserved 1048576K
}
Event: 64.074 GC heap before
{Heap before GC invocations=9536 (full 7):
 def new generation   total 13824K, used 13237K [0x00000000f8200000, 0x00000000f90f0000, 0x00000000fac00000)
  eden space 12352K, 100% used [0x00000000f8200000, 0x00000000f8e10000, 0x00000000f8e10000)
  from space 1472K,  60% used [0x00000000f8f80000, 0x00000000f905d490, 0x00000000f90f0000)
  to   space 1472K,   0% used [0x00000000f8e10000, 0x00000000f8e10000, 0x00000000f8f80000)
 tenured generation   total 30468K, used 29569K [0x00000000fac00000, 0x00000000fc9c1000, 0x0000000100000000)
   the space 30468K,  97% used [0x00000000fac00000, 0x00000000fc8e0498, 0x00000000fc8e0600, 0x00000000fc9c1000)
 Metaspace       used 31227K, capacity 31734K, committed 32000K, reserved 1079296K
  class space    used 2892K, capacity 3037K, committed 3072K, reserved 1048576K
Event: 64.080 GC heap after
Heap after GC invocations=9537 (full 7):
 def new generation   total 13824K, used 674K [0x00000000f8200000, 0x00000000f90f0000, 0x00000000fac00000)
  eden space 12352K,   0% used [0x00000000f8200000, 0x00000000f8200000, 0x00000000f8e10000)
  from space 1472K,  45% used [0x00000000f8e10000, 0x00000000f8eb8928, 0x00000000f8f80000)
  to   space 1472K,   0% used [0x00000000f8f80000, 0x00000000f8f80000, 0x00000000f90f0000)
 tenured generation   total 30468K, used 29955K [0x00000000fac00000, 0x00000000fc9c1000, 0x0000000100000000)
   the space 30468K,  98% used [0x00000000fac00000, 0x00000000fc940ff0, 0x00000000fc941000, 0x00000000fc9c1000)
 Metaspace       used 31227K, capacity 31734K, committed 32000K, reserved 1079296K
  class space    used 2892K, capacity 3037K, committed 3072K, reserved 1048576K
}
Event: 65.140 GC heap before
{Heap before GC invocations=9537 (full 7):
 def new generation   total 13824K, used 13026K [0x00000000f8200000, 0x00000000f90f0000, 0x00000000fac00000)
  eden space 12352K, 100% used [0x00000000f8200000, 0x00000000f8e10000, 0x00000000f8e10000)
  from space 1472K,  45% used [0x00000000f8e10000, 0x00000000f8eb8928, 0x00000000f8f80000)
  to   space 1472K,   0% used [0x00000000f8f80000, 0x00000000f8f80000, 0x00000000f90f0000)
 tenured generation   total 30468K, used 29955K [0x00000000fac00000, 0x00000000fc9c1000, 0x0000000100000000)
   the space 30468K,  98% used [0x00000000fac00000, 0x00000000fc940ff0, 0x00000000fc941000, 0x00000000fc9c1000)
 Metaspace       used 31258K, capacity 31744K, committed 32000K, reserved 1079296K
  class space    used 2895K, capacity 3040K, committed 3072K, reserved 1048576K
Event: 65.156 GC heap after
Heap after GC invocations=9538 (full 7):
 def new generation   total 13824K, used 957K [0x00000000f8200000, 0x00000000f90f0000, 0x00000000fac00000)
  eden space 12352K,   0% used [0x00000000f8200000, 0x00000000f8200000, 0x00000000f8e10000)
  from space 1472K,  65% used [0x00000000f8f80000, 0x00000000f906f768, 0x00000000f90f0000)
  to   space 1472K,   0% used [0x00000000f8e10000, 0x00000000f8e10000, 0x00000000f8f80000)
 tenured generation   total 30468K, used 29955K [0x00000000fac00000, 0x00000000fc9c1000, 0x0000000100000000)
   the space 30468K,  98% used [0x00000000fac00000, 0x00000000fc940ff0, 0x00000000fc941000, 0x00000000fc9c1000)
 Metaspace       used 31258K, capacity 31744K, committed 32000K, reserved 1079296K
  class space    used 2895K, capacity 3040K, committed 3072K, reserved 1048576K
}
Event: 66.337 GC heap before
{Heap before GC invocations=9538 (full 7):
 def new generation   total 13824K, used 13309K [0x00000000f8200000, 0x00000000f90f0000, 0x00000000fac00000)
  eden space 12352K, 100% used [0x00000000f8200000, 0x00000000f8e10000, 0x00000000f8e10000)
  from space 1472K,  65% used [0x00000000f8f80000, 0x00000000f906f768, 0x00000000f90f0000)
  to   space 1472K,   0% used [0x00000000f8e10000, 0x00000000f8e10000, 0x00000000f8f80000)
 tenured generation   total 30468K, used 29955K [0x00000000fac00000, 0x00000000fc9c1000, 0x0000000100000000)
   the space 30468K,  98% used [0x00000000fac00000, 0x00000000fc940ff0, 0x00000000fc941000, 0x00000000fc9c1000)
 Metaspace       used 31270K, capacity 31756K, committed 32000K, reserved 1079296K
  class space    used 2897K, capacity 3044K, committed 3072K, reserved 1048576K
Event: 66.349 GC heap after
Heap after GC invocations=9539 (full 7):
 def new generation   total 13824K, used 866K [0x00000000f8200000, 0x00000000f90f0000, 0x00000000fac00000)
  eden space 12352K,   0% used [0x00000000f8200000, 0x00000000f8200000, 0x00000000f8e10000)
  from space 1472K,  58% used [0x00000000f8e10000, 0x00000000f8ee8808, 0x00000000f8f80000)
  to   space 1472K,   0% used [0x00000000f8f80000, 0x00000000f8f80000, 0x00000000f90f0000)
 tenured generation   total 30468K, used 30262K [0x00000000fac00000, 0x00000000fc9c1000, 0x0000000100000000)
   the space 30468K,  99% used [0x00000000fac00000, 0x00000000fc98da48, 0x00000000fc98dc00, 0x00000000fc9c1000)
 Metaspace       used 31270K, capacity 31756K, committed 32000K, reserved 1079296K
  class space    used 2897K, capacity 3044K, committed 3072K, reserved 1048576K
}
Event: 67.760 GC heap before
{Heap before GC invocations=9539 (full 7):
 def new generation   total 13824K, used 13204K [0x00000000f8200000, 0x00000000f90f0000, 0x00000000fac00000)
  eden space 12352K,  99% used [0x00000000f8200000, 0x00000000f8e0ca40, 0x00000000f8e10000)
  from space 1472K,  58% used [0x00000000f8e10000, 0x00000000f8ee8808, 0x00000000f8f80000)
  to   space 1472K,   0% used [0x00000000f8f80000, 0x00000000f8f80000, 0x00000000f90f0000)
 tenured generation   total 30468K, used 30262K [0x00000000fac00000, 0x00000000fc9c1000, 0x0000000100000000)
   the space 30468K,  99% used [0x00000000fac00000, 0x00000000fc98da48, 0x00000000fc98dc00, 0x00000000fc9c1000)
 Metaspace       used 31284K, capacity 31776K, committed 32000K, reserved 1079296K
  class space    used 2900K, capacity 3048K, committed 3072K, reserved 1048576K

